


ARM Macro Assembler    Page 1 


    1 00000000                 AREA             functions_asm, CODE, READONLY
    2 00000000         
    3 00000000                 EXPORT           swap_asm_1  ;
    4 00000000                 EXPORT           swap_asm_2  ;
    5 00000000                 EXPORT           swap_asm_3  ;
    6 00000000                 EXPORT           rank_descending_asm
    7 00000000         
    8 00000000                 ALIGN
    9 00000000         
   10 00000000         swap_asm_1
                               PROC
   11 00000000 7802            LDRB             r2, [r0]
   12 00000002 780B            LDRB             r3, [r1]
   13 00000004 429A            CMP              r2, r3
   14 00000006 D001            BEQ              end_swap_asm_1
   15 00000008 700A            STRB             r2, [r1]
   16 0000000A 7003            STRB             r3, [r0]
   17 0000000C         end_swap_asm_1
   18 0000000C 4770            BX               lr
   19 0000000E                 ENDP
   20 0000000E         
   21 0000000E         
   22 0000000E         swap_asm_2
                               PROC
   23 0000000E 4288            CMP              r0, r1
   24 00000010 D008            BEQ              end_swap_asm_2
   25 00000012 7802            LDRB             r2, [r0]
   26 00000014 780B            LDRB             r3, [r1]
   27 00000016 441A            ADD              r2, r3
   28 00000018 EBA2 0303       SUB              r3, r2, r3
   29 0000001C EBA2 0203       SUB              r2, r3
   30 00000020 7002            STRB             r2, [r0]
   31 00000022 700B            STRB             r3, [r1]
   32 00000024         end_swap_asm_2
   33 00000024 4770            BX               lr
   34 00000026                 ENDP
   35 00000026         
   36 00000026         
   37 00000026         swap_asm_3
                               PROC
   38 00000026 4288            CMP              r0, r1
   39 00000028 D009            BEQ              end_swap_asm_3
   40 0000002A 7802            LDRB             r2, [r0]
   41 0000002C 780B            LDRB             r3, [r1]
   42 0000002E EA82 0203       EOR              r2, r3
   43 00000032 EA83 0302       EOR              r3, r2
   44 00000036 EA82 0203       EOR              r2, r3
   45 0000003A 7002            STRB             r2, [r0]
   46 0000003C 700B            STRB             r3, [r1]
   47 0000003E         end_swap_asm_3
   48 0000003E 4770            BX               lr
   49 00000040                 ENDP
   50 00000040         
   51 00000040         
   52 00000040         rank_descending_asm
                               PROC
   53 00000040 E92D 47F0       PUSH             {r4-r10, lr}
   54 00000044 4604            MOV              r4, r0
   55 00000046 F1A1 0501       SUB              r5, r1, #1



ARM Macro Assembler    Page 2 


   56 0000004A F04F 0600       MOV              r6, #0
   57 0000004E         rank_des_loop_1
   58 0000004E 42AE            CMP              r6, r5
   59 00000050 DA17            BGE              rank_des_loop_1_end
   60 00000052 EBA5 0706       SUB              r7, r5, r6
   61 00000056 F04F 0800       MOV              r8, #0
   62 0000005A         rank_des_loop_2
   63 0000005A 45B8            CMP              r8, r7
   64 0000005C DA0E            BGE              rank_des_loop_2_end
   65 0000005E EB04 0008       ADD              r0, r4, r8
   66 00000062 F100 0101       ADD              r1, r0, #1
   67 00000066 F890 9000       LDRB             r9, [r0]
   68 0000006A F891 A000       LDRB             r10, [r1]
   69 0000006E 45D1            CMP              r9, r10
   70 00000070 DA01            BGE              else_label
   71 00000072 F7FF FFFE       BL               swap_asm_1
   72 00000076         else_label
   73 00000076 F108 0801       ADD              r8, #1
   74 0000007A E7EE            B                rank_des_loop_2
   75 0000007C         rank_des_loop_2_end
   76 0000007C F106 0601       ADD              r6, #1
   77 00000080 E7E5            B                rank_des_loop_1
   78 00000082         rank_des_loop_1_end
   79 00000082 E8BD 87F0       POP              {r4-r10,pc}
   80 00000086                 ENDP
   81 00000086         
   82 00000086                 END
Command Line: --debug --xref --diag_suppress=9931 --cpu=Cortex-M4.fp --apcs=int
erwork --depend=.\objects\functions_asm.d -o.\objects\functions_asm.o -I.\RTE\_
Unit_test -IC:\Keil_v5\ARM\PACK\ARM\CMSIS\5.4.0\CMSIS\Core\Include -IC:\Keil_v5
\ARM\PACK\ARM\CMSIS\5.4.0\Device\ARM\ARMCM4\Include --predefine="__EVAL SETA 1"
 --predefine="__UVISION_VERSION SETA 526" --predefine="_RTE_ SETA 1" --predefin
e="ARMCM4_FP SETA 1" --list=.\listings\functions_asm.lst source\functions_asm.s



ARM Macro Assembler    Page 1 Alphabetic symbol ordering
Relocatable symbols

else_label 00000076

Symbol: else_label
   Definitions
      At line 72 in file source\functions_asm.s
   Uses
      At line 70 in file source\functions_asm.s
Comment: else_label used once
end_swap_asm_1 0000000C

Symbol: end_swap_asm_1
   Definitions
      At line 17 in file source\functions_asm.s
   Uses
      At line 14 in file source\functions_asm.s
Comment: end_swap_asm_1 used once
end_swap_asm_2 00000024

Symbol: end_swap_asm_2
   Definitions
      At line 32 in file source\functions_asm.s
   Uses
      At line 24 in file source\functions_asm.s
Comment: end_swap_asm_2 used once
end_swap_asm_3 0000003E

Symbol: end_swap_asm_3
   Definitions
      At line 47 in file source\functions_asm.s
   Uses
      At line 39 in file source\functions_asm.s
Comment: end_swap_asm_3 used once
functions_asm 00000000

Symbol: functions_asm
   Definitions
      At line 1 in file source\functions_asm.s
   Uses
      None
Comment: functions_asm unused
rank_des_loop_1 0000004E

Symbol: rank_des_loop_1
   Definitions
      At line 57 in file source\functions_asm.s
   Uses
      At line 77 in file source\functions_asm.s
Comment: rank_des_loop_1 used once
rank_des_loop_1_end 00000082

Symbol: rank_des_loop_1_end
   Definitions
      At line 78 in file source\functions_asm.s
   Uses
      At line 59 in file source\functions_asm.s
Comment: rank_des_loop_1_end used once
rank_des_loop_2 0000005A

Symbol: rank_des_loop_2



ARM Macro Assembler    Page 2 Alphabetic symbol ordering
Relocatable symbols

   Definitions
      At line 62 in file source\functions_asm.s
   Uses
      At line 74 in file source\functions_asm.s
Comment: rank_des_loop_2 used once
rank_des_loop_2_end 0000007C

Symbol: rank_des_loop_2_end
   Definitions
      At line 75 in file source\functions_asm.s
   Uses
      At line 64 in file source\functions_asm.s
Comment: rank_des_loop_2_end used once
rank_descending_asm 00000040

Symbol: rank_descending_asm
   Definitions
      At line 52 in file source\functions_asm.s
   Uses
      At line 6 in file source\functions_asm.s
Comment: rank_descending_asm used once
swap_asm_1 00000000

Symbol: swap_asm_1
   Definitions
      At line 10 in file source\functions_asm.s
   Uses
      At line 3 in file source\functions_asm.s
      At line 71 in file source\functions_asm.s

swap_asm_2 0000000E

Symbol: swap_asm_2
   Definitions
      At line 22 in file source\functions_asm.s
   Uses
      At line 4 in file source\functions_asm.s
Comment: swap_asm_2 used once
swap_asm_3 00000026

Symbol: swap_asm_3
   Definitions
      At line 37 in file source\functions_asm.s
   Uses
      At line 5 in file source\functions_asm.s
Comment: swap_asm_3 used once
13 symbols
348 symbols in table
