


ARM Macro Assembler    Page 1 


    1 00000000                 AREA             my_fancy_asm_code, CODE, READON
LY 
                                                            ; Define the progra
                                                            m area
    2 00000000         
    3 00000000         ; Export functions defined in this file. These functions
                        need to be declared 
    4 00000000         ; in the file calling them.
    5 00000000                 EXPORT           task10
    6 00000000                 EXPORT           task11
    7 00000000                 EXPORT           task12
    8 00000000                 EXPORT           task13
    9 00000000                 EXPORT           task14
   10 00000000                 EXPORT           task15
   11 00000000         
   12 00000000                 IMPORT           gPtrArray10a
   13 00000000                 IMPORT           gPtrArray11a
   14 00000000                 IMPORT           gPtrArray12a
   15 00000000                 IMPORT           gPtrArray13a
   16 00000000                 IMPORT           gPtrArray14a
   17 00000000                 IMPORT           gPtrArray15a
   18 00000000                 IMPORT           gVar1
   19 00000000         
   20 00000000                 ALIGN                        ; Align the data in
                                                             the boundary of 4 
                                                            bytes. 
   21 00000000         
   22 00000000         task10  PROC
   23 00000000 482B            LDR              r0, =gPtrArray10a ; Loading the
                                                             address of the glo
                                                            bal variable gPtrAr
                                                            ray10a
   24 00000002 6800            LDR              r0, [r0]    ; Loading the conte
                                                            nt of the global va
                                                            riable gPtrArray10a
                                                            
   25 00000004 492B            LDR              r1, =gVar1  ; Loading the addre
                                                            ss of the global va
                                                            riable gVar1
   26 00000006 6809            LDR              r1, [r1]    ; Loading the conte
                                                            nt of the global va
                                                            riable gVar1
   27 00000008 F04F 0200       MOV              r2, #0      ; variable (int) i
   28 0000000C         task10_loop
   29 0000000C 428A            CMP              r2, r1      ; test = r2 - r1
   30 0000000E DA07            BGE              task10_end  ; if test >= 0, the
                                                            n branch to task10_
                                                            end    
   31 00000010 EA4F 0382       MOV              r3, r2, LSL #2 ; r3 <- r2 * 4
   32 00000014 F1A3 030F       SUB              r3, #15     ; r3 <- r3 - 15
   33 00000018 5483            STRB             r3, [r0, r2] ; r3 -> mem[r0 + r
                                                            2] or r3 -> mem[r0 
                                                            + i]
   34 0000001A F102 0201       ADD              r2, #1      ; r2 <- r2 + 1
   35 0000001E E7F5            B                task10_loop ; branch to task10_
                                                            loop
   36 00000020         task10_end
   37 00000020 4770            BX               lr          ; return
   38 00000022                 ENDP



ARM Macro Assembler    Page 2 


   39 00000022         
   40 00000022         ; If you need to use registers starting from r4, you nee
                       d to PUSH them first to save the 
   41 00000022         ; run-time environment for the caller. You need to POP t
                       hem up at the exit of the code.
   42 00000022         
   43 00000022         task11  PROC
   44 00000022 4825            LDR              r0, =gPtrArray11a
   45 00000024 6800            LDR              r0, [r0]
   46 00000026 4923            LDR              r1, =gVar1
   47 00000028 6809            LDR              r1, [r1]
   48 0000002A F04F 0200       MOV              r2, #0
   49 0000002E         task11_loop
   50 0000002E 428A            CMP              r2, r1
   51 00000030 DA07            BGE              task11_end
   52 00000032 EA4F 1302       MOV              r3, r2, LSL #4
   53 00000036 F103 0302       ADD              r3, #2
   54 0000003A 5483            STRB             r3, [r0, r2]
   55 0000003C F102 0201       ADD              r2, #1
   56 00000040 E7F5            B                task11_loop
   57 00000042         task11_end
   58 00000042 4770            BX               lr
   59 00000044                 ENDP
   60 00000044         
   61 00000044         task12  PROC
   62 00000044 B530            PUSH             {r4-r5, lr}
   63 00000046 481A            LDR              r0, =gPtrArray10a
   64 00000048 6800            LDR              r0, [r0]
   65 0000004A 4C1C            LDR              r4, =gPtrArray12a
   66 0000004C 6824            LDR              r4, [r4]
   67 0000004E 4919            LDR              r1, =gVar1
   68 00000050 6809            LDR              r1, [r1]
   69 00000052 F04F 0200       MOV              r2, #0
   70 00000056         task12_loop
   71 00000056 428A            CMP              r2, r1
   72 00000058 DA0C            BGE              task12_end
   73 0000005A 5683            LDRSB            r3, [r0, r2]
   74 0000005C F04F 050A       LDR              r5, =10
   75 00000060 EBA5 0503       SUB              r5, r3
   76 00000064 F824 5012       STRH             r5, [r4, r2, LSL #1]
   77 00000068 F103 0301       ADD              r3, #1
   78 0000006C 5483            STRB             r3, [r0, r2]
   79 0000006E F102 0201       ADD              r2, #1
   80 00000072 E7F0            B                task12_loop
   81 00000074         task12_end
   82 00000074 BD30            POP              {r4-r5, pc} ; Pop lr to pc, whi
                                                            ch is the same as B
                                                            X lr.
   83 00000076                 ENDP
   84 00000076         
   85 00000076         task13  PROC
   86 00000076 B530            PUSH             {r4-r5, lr}
   87 00000078 BD30            POP              {r4-r5, pc}
   88 0000007A                 ENDP
   89 0000007A         
   90 0000007A         task14  PROC
   91 0000007A B530            PUSH             {r4-r5, lr}
   92 0000007C 480F            LDR              r0, =gPtrArray12a
   93 0000007E 6800            LDR              r0, [r0]



ARM Macro Assembler    Page 3 


   94 00000080 4C0F            LDR              r4, =gPtrArray14a
   95 00000082 6824            LDR              r4, [r4]
   96 00000084 490B            LDR              r1, =gVar1
   97 00000086 6809            LDR              r1, [r1]
   98 00000088 F1A1 0101       SUB              r1, #1
   99 0000008C F04F 0200       MOV              r2, #0
  100 00000090         task14_loop
  101 00000090 428A            CMP              r2, r1
  102 00000092 DA0A            BGE              task14_end
  103 00000094 F9B0 3000       LDRSH            r3, [r0]
  104 00000098 F930 5F02       LDRSH            r5, [r0, #2]!
  105 0000009C EB03 03C5       ADD              r3, r5, LSL #3
  106 000000A0 F844 3022       STR              r3, [r4, r2, LSL #2]
  107 000000A4 F102 0201       ADD              r2, #1
  108 000000A8 E7F2            B                task14_loop
  109 000000AA         task14_end
  110 000000AA BD30            POP              {r4-r5, pc}
  111 000000AC                 ENDP
  112 000000AC         
  113 000000AC         task15  PROC
  114 000000AC B530            PUSH             {r4-r5, lr}
  115 000000AE BD30            POP              {r4-r5, pc}
  116 000000B0                 ENDP
  117 000000B0         
  118 000000B0                 END
              00000000 
              00000000 
              00000000 
              00000000 
              00000000 
Command Line: --debug --xref --diag_suppress=9931 --cpu=Cortex-M4.fp --apcs=int
erwork --depend=.\objects\asm_functions.d -o.\objects\asm_functions.o -I.\RTE\_
Target_sim -IC:\Keil_v5\ARM\PACK\ARM\CMSIS\5.4.0\CMSIS\Core\Include -IC:\Keil_v
5\ARM\PACK\ARM\CMSIS\5.4.0\Device\ARM\ARMCM4\Include --predefine="__EVAL SETA 1
" --predefine="__UVISION_VERSION SETA 526" --predefine="_RTE_ SETA 1" --predefi
ne="ARMCM4_FP SETA 1" --list=.\listings\asm_functions.lst source\asm_functions.
s



ARM Macro Assembler    Page 1 Alphabetic symbol ordering
Relocatable symbols

my_fancy_asm_code 00000000

Symbol: my_fancy_asm_code
   Definitions
      At line 1 in file source\asm_functions.s
   Uses
      None
Comment: my_fancy_asm_code unused
task10 00000000

Symbol: task10
   Definitions
      At line 22 in file source\asm_functions.s
   Uses
      At line 5 in file source\asm_functions.s
Comment: task10 used once
task10_end 00000020

Symbol: task10_end
   Definitions
      At line 36 in file source\asm_functions.s
   Uses
      At line 30 in file source\asm_functions.s
Comment: task10_end used once
task10_loop 0000000C

Symbol: task10_loop
   Definitions
      At line 28 in file source\asm_functions.s
   Uses
      At line 35 in file source\asm_functions.s
Comment: task10_loop used once
task11 00000022

Symbol: task11
   Definitions
      At line 43 in file source\asm_functions.s
   Uses
      At line 6 in file source\asm_functions.s
Comment: task11 used once
task11_end 00000042

Symbol: task11_end
   Definitions
      At line 57 in file source\asm_functions.s
   Uses
      At line 51 in file source\asm_functions.s
Comment: task11_end used once
task11_loop 0000002E

Symbol: task11_loop
   Definitions
      At line 49 in file source\asm_functions.s
   Uses
      At line 56 in file source\asm_functions.s
Comment: task11_loop used once
task12 00000044

Symbol: task12



ARM Macro Assembler    Page 2 Alphabetic symbol ordering
Relocatable symbols

   Definitions
      At line 61 in file source\asm_functions.s
   Uses
      At line 7 in file source\asm_functions.s
Comment: task12 used once
task12_end 00000074

Symbol: task12_end
   Definitions
      At line 81 in file source\asm_functions.s
   Uses
      At line 72 in file source\asm_functions.s
Comment: task12_end used once
task12_loop 00000056

Symbol: task12_loop
   Definitions
      At line 70 in file source\asm_functions.s
   Uses
      At line 80 in file source\asm_functions.s
Comment: task12_loop used once
task13 00000076

Symbol: task13
   Definitions
      At line 85 in file source\asm_functions.s
   Uses
      At line 8 in file source\asm_functions.s
Comment: task13 used once
task14 0000007A

Symbol: task14
   Definitions
      At line 90 in file source\asm_functions.s
   Uses
      At line 9 in file source\asm_functions.s
Comment: task14 used once
task14_end 000000AA

Symbol: task14_end
   Definitions
      At line 109 in file source\asm_functions.s
   Uses
      At line 102 in file source\asm_functions.s
Comment: task14_end used once
task14_loop 00000090

Symbol: task14_loop
   Definitions
      At line 100 in file source\asm_functions.s
   Uses
      At line 108 in file source\asm_functions.s
Comment: task14_loop used once
task15 000000AC

Symbol: task15
   Definitions
      At line 113 in file source\asm_functions.s
   Uses



ARM Macro Assembler    Page 3 Alphabetic symbol ordering
Relocatable symbols

      At line 10 in file source\asm_functions.s
Comment: task15 used once
15 symbols



ARM Macro Assembler    Page 1 Alphabetic symbol ordering
External symbols

gPtrArray10a 00000000

Symbol: gPtrArray10a
   Definitions
      At line 12 in file source\asm_functions.s
   Uses
      At line 23 in file source\asm_functions.s
      At line 63 in file source\asm_functions.s

gPtrArray11a 00000000

Symbol: gPtrArray11a
   Definitions
      At line 13 in file source\asm_functions.s
   Uses
      At line 44 in file source\asm_functions.s
Comment: gPtrArray11a used once
gPtrArray12a 00000000

Symbol: gPtrArray12a
   Definitions
      At line 14 in file source\asm_functions.s
   Uses
      At line 65 in file source\asm_functions.s
      At line 92 in file source\asm_functions.s

gPtrArray13a 00000000

Symbol: gPtrArray13a
   Definitions
      At line 15 in file source\asm_functions.s
   Uses
      None
Comment: gPtrArray13a unused
gPtrArray14a 00000000

Symbol: gPtrArray14a
   Definitions
      At line 16 in file source\asm_functions.s
   Uses
      At line 94 in file source\asm_functions.s
Comment: gPtrArray14a used once
gPtrArray15a 00000000

Symbol: gPtrArray15a
   Definitions
      At line 17 in file source\asm_functions.s
   Uses
      None
Comment: gPtrArray15a unused
gVar1 00000000

Symbol: gVar1
   Definitions
      At line 18 in file source\asm_functions.s
   Uses
      At line 25 in file source\asm_functions.s
      At line 46 in file source\asm_functions.s
      At line 67 in file source\asm_functions.s



ARM Macro Assembler    Page 2 Alphabetic symbol ordering
External symbols

      At line 96 in file source\asm_functions.s

7 symbols
359 symbols in table
